1612437947522	geckodriver	INFO	Listening on 127.0.0.1:56767
1612437950579	mozrunner::runner	INFO	Running command: "C:\\Program Files\\Mozilla Firefox\\firefox.exe" "--marionette" "-foreground" "-no-remote" "-profile" "C:\\Users\\user\\AppData\\Local\\Temp\\rust_mozprofileRkTPiW"
console.warn: SearchSettings: "get: No settings file exists, new profile?" (new Error("", "(unknown module)"))
1612437952851	Marionette	INFO	Listening on port 56775
console.warn: SearchSettings: "get: No settings file exists, new profile?" (new Error("", "(unknown module)"))
1612437953219	Marionette	WARN	TLS certificate errors will be ignored for this session
1612437953226	Marionette	ERROR	[15] No reply from Marionette:Register
1612437961857	Marionette	INFO	Stopped listening on port 56775
1612438425944	geckodriver	INFO	Listening on 127.0.0.1:56846
1612438429003	mozrunner::runner	INFO	Running command: "C:\\Program Files\\Mozilla Firefox\\firefox.exe" "--marionette" "-foreground" "-no-remote" "-profile" "C:\\Users\\user\\AppData\\Local\\Temp\\rust_mozprofiletzmz9o"
console.warn: SearchSettings: "get: No settings file exists, new profile?" (new Error("", "(unknown module)"))
1612438430805	Marionette	INFO	Listening on port 56855
1612438431034	Marionette	WARN	TLS certificate errors will be ignored for this session
1612438431048	Marionette	ERROR	[15] No reply from Marionette:Register
console.warn: SearchSettings: "get: No settings file exists, new profile?" (new Error("", "(unknown module)"))
1612438438883	Marionette	INFO	Stopped listening on port 56855

###!!! [Child][RunMessage] Error: Channel closing: too late to send/recv, messages will be lost

1612511336594	geckodriver	INFO	Listening on 127.0.0.1:59090
1612511339652	mozrunner::runner	INFO	Running command: "C:\\Program Files\\Mozilla Firefox\\firefox.exe" "--marionette" "-foreground" "-no-remote" "-profile" "C:\\Users\\user\\AppData\\Local\\Temp\\rust_mozprofileM94moW"
console.warn: SearchSettings: "get: No settings file exists, new profile?" (new Error("", "(unknown module)"))
1612511342368	Marionette	INFO	Listening on port 59098
console.warn: SearchSettings: "get: No settings file exists, new profile?" (new Error("", "(unknown module)"))
1612511342806	Marionette	WARN	TLS certificate errors will be ignored for this session
1612511342816	Marionette	ERROR	[15] No reply from Marionette:Register
1612511357763	Marionette	INFO	Stopped listening on port 59098

###!!! [Child][RunMessage] Error: Channel closing: too late to send/recv, messages will be lost

1612513650946	geckodriver	INFO	Listening on 127.0.0.1:59288
1612513653997	mozrunner::runner	INFO	Running command: "C:\\Program Files\\Mozilla Firefox\\firefox.exe" "--marionette" "-foreground" "-no-remote" "-profile" "C:\\Users\\user\\AppData\\Local\\Temp\\rust_mozprofileLTg15m"
console.warn: SearchSettings: "get: No settings file exists, new profile?" (new Error("", "(unknown module)"))
1612513655882	Marionette	INFO	Listening on port 59296
1612513656020	Marionette	WARN	TLS certificate errors will be ignored for this session
1612513656029	Marionette	ERROR	[18] No reply from Marionette:Register
1612513656166	Marionette	INFO	Stopped listening on port 59296
JavaScript error: resource://activity-stream/lib/ASRouter.jsm, line 987: NS_ERROR_ILLEGAL_VALUE: Component returned failure code: 0x80070057 (NS_ERROR_ILLEGAL_VALUE) [nsIObserverService.removeObserver]

###!!! [Child][RunMessage] Error: Channel closing: too late to send/recv, messages will be lost

1612515386905	geckodriver	INFO	Listening on 127.0.0.1:59446
1612515389979	mozrunner::runner	INFO	Running command: "C:\\Program Files\\Mozilla Firefox\\firefox.exe" "--marionette" "-foreground" "-no-remote" "-profile" "C:\\Users\\user\\AppData\\Local\\Temp\\rust_mozprofiletUshOb"
console.warn: SearchSettings: "get: No settings file exists, new profile?" (new Error("", "(unknown module)"))
1612515391818	Marionette	INFO	Listening on port 59455
1612515392002	Marionette	WARN	TLS certificate errors will be ignored for this session
1612515392010	Marionette	ERROR	[15] No reply from Marionette:Register
1612515392104	Marionette	INFO	Stopped listening on port 59455
JavaScript error: resource://activity-stream/lib/ASRouter.jsm, line 987: NS_ERROR_ILLEGAL_VALUE: Component returned failure code: 0x80070057 (NS_ERROR_ILLEGAL_VALUE) [nsIObserverService.removeObserver]
console.error: Region.jsm: "Error fetching region" (new TypeError("NetworkError when attempting to fetch resource.", ""))
console.error: Region.jsm: "Failed to fetch region" (new Error("NO_RESULT", "resource://gre/modules/Region.jsm", 422))
console.error: services.settings: 
  main/message-groups Signature failed  TypeError: NetworkError when attempting to fetch resource.

###!!! [Child][RunMessage] Error: Channel closing: too late to send/recv, messages will be lost

1612515434044	geckodriver	INFO	Listening on 127.0.0.1:59492
1612515437119	mozrunner::runner	INFO	Running command: "C:\\Program Files\\Mozilla Firefox\\firefox.exe" "--marionette" "-foreground" "-no-remote" "-profile" "C:\\Users\\user\\AppData\\Local\\Temp\\rust_mozprofileHu62nV"
console.warn: SearchSettings: "get: No settings file exists, new profile?" (new Error("", "(unknown module)"))
1612515439157	Marionette	INFO	Listening on port 59501
1612515439257	Marionette	WARN	TLS certificate errors will be ignored for this session
1612515439266	Marionette	ERROR	[18] No reply from Marionette:Register
1612515439363	Marionette	INFO	Stopped listening on port 59501
JavaScript error: resource://activity-stream/lib/ASRouter.jsm, line 987: NS_ERROR_ILLEGAL_VALUE: Component returned failure code: 0x80070057 (NS_ERROR_ILLEGAL_VALUE) [nsIObserverService.removeObserver]
console.error: services.settings: 
  main/fxmonitor-breaches Signature failed  TypeError: NetworkError when attempting to fetch resource.
console.error: services.settings: 
  main/message-groups Signature failed  TypeError: NetworkError when attempting to fetch resource.

###!!! [Child][RunMessage] Error: Channel closing: too late to send/recv, messages will be lost

